CRITICAL - 2022-07-19 00:09:25 --> Undefined constant "App\Controllers\_CONTROLLER"
in APPPATH/Controllers/Auth.php on line 68.
 1 SYSTEMPATH/CodeIgniter.php(898): App\Controllers\Auth->SignUpUser()
 2 SYSTEMPATH/CodeIgniter.php(468): CodeIgniter\CodeIgniter->runController()
 3 SYSTEMPATH/CodeIgniter.php(351): CodeIgniter\CodeIgniter->handleRequest()
 4 FCPATH/index.php(55): CodeIgniter\CodeIgniter->run()
CRITICAL - 2022-07-19 00:46:56 --> Undefined array key "tel"
in APPPATH/Controllers/Auth.php on line 84.
 1 APPPATH/Controllers/Auth.php(84): CodeIgniter\Debug\Exceptions->errorHandler()
 2 SYSTEMPATH/CodeIgniter.php(898): App\Controllers\Auth->SignUpUserStep2()
 3 SYSTEMPATH/CodeIgniter.php(468): CodeIgniter\CodeIgniter->runController()
 4 SYSTEMPATH/CodeIgniter.php(351): CodeIgniter\CodeIgniter->handleRequest()
 5 FCPATH/index.php(55): CodeIgniter\CodeIgniter->run()
CRITICAL - 2022-07-19 00:47:30 --> Undefined variable $data
in APPPATH/Views/Auth/SignUpUserStep2.html on line 40.
 1 APPPATH/Views/Auth/SignUpUserStep2.html(40): CodeIgniter\Debug\Exceptions->errorHandler()
 2 SYSTEMPATH/View/View.php(213): include('APPPATH/Views/Auth/SignUpUserStep2.html')
 3 SYSTEMPATH/View/View.php(216): CodeIgniter\View\View->CodeIgniter\View\{closure}()
 4 SYSTEMPATH/Common.php(1135): CodeIgniter\View\View->render()
 5 APPPATH/Controllers/Auth.php(92): view()
 6 SYSTEMPATH/CodeIgniter.php(898): App\Controllers\Auth->SignUpUserStep2()
 7 SYSTEMPATH/CodeIgniter.php(468): CodeIgniter\CodeIgniter->runController()
 8 SYSTEMPATH/CodeIgniter.php(351): CodeIgniter\CodeIgniter->handleRequest()
 9 FCPATH/index.php(55): CodeIgniter\CodeIgniter->run()
CRITICAL - 2022-07-19 00:49:55 --> Undefined variable $data
in APPPATH/Views/Auth/SignUpUserStep2.html on line 40.
 1 APPPATH/Views/Auth/SignUpUserStep2.html(40): CodeIgniter\Debug\Exceptions->errorHandler()
 2 SYSTEMPATH/View/View.php(213): include('APPPATH/Views/Auth/SignUpUserStep2.html')
 3 SYSTEMPATH/View/View.php(216): CodeIgniter\View\View->CodeIgniter\View\{closure}()
 4 SYSTEMPATH/Common.php(1135): CodeIgniter\View\View->render()
 5 APPPATH/Controllers/Auth.php(92): view()
 6 SYSTEMPATH/CodeIgniter.php(898): App\Controllers\Auth->SignUpUserStep2()
 7 SYSTEMPATH/CodeIgniter.php(468): CodeIgniter\CodeIgniter->runController()
 8 SYSTEMPATH/CodeIgniter.php(351): CodeIgniter\CodeIgniter->handleRequest()
 9 FCPATH/index.php(55): CodeIgniter\CodeIgniter->run()
CRITICAL - 2022-07-19 00:50:06 --> Undefined variable $data
in APPPATH/Views/Auth/SignUpUserStep2.html on line 40.
 1 APPPATH/Views/Auth/SignUpUserStep2.html(40): CodeIgniter\Debug\Exceptions->errorHandler()
 2 SYSTEMPATH/View/View.php(213): include('APPPATH/Views/Auth/SignUpUserStep2.html')
 3 SYSTEMPATH/View/View.php(216): CodeIgniter\View\View->CodeIgniter\View\{closure}()
 4 SYSTEMPATH/Common.php(1135): CodeIgniter\View\View->render()
 5 APPPATH/Controllers/Auth.php(92): view()
 6 SYSTEMPATH/CodeIgniter.php(898): App\Controllers\Auth->SignUpUserStep2()
 7 SYSTEMPATH/CodeIgniter.php(468): CodeIgniter\CodeIgniter->runController()
 8 SYSTEMPATH/CodeIgniter.php(351): CodeIgniter\CodeIgniter->handleRequest()
 9 FCPATH/index.php(55): CodeIgniter\CodeIgniter->run()
CRITICAL - 2022-07-19 00:50:15 --> Undefined variable $data
in APPPATH/Views/Auth/SignUpUserStep2.html on line 40.
 1 APPPATH/Views/Auth/SignUpUserStep2.html(40): CodeIgniter\Debug\Exceptions->errorHandler()
 2 SYSTEMPATH/View/View.php(213): include('APPPATH/Views/Auth/SignUpUserStep2.html')
 3 SYSTEMPATH/View/View.php(216): CodeIgniter\View\View->CodeIgniter\View\{closure}()
 4 SYSTEMPATH/Common.php(1135): CodeIgniter\View\View->render()
 5 APPPATH/Controllers/Auth.php(92): view()
 6 SYSTEMPATH/CodeIgniter.php(898): App\Controllers\Auth->SignUpUserStep2()
 7 SYSTEMPATH/CodeIgniter.php(468): CodeIgniter\CodeIgniter->runController()
 8 SYSTEMPATH/CodeIgniter.php(351): CodeIgniter\CodeIgniter->handleRequest()
 9 FCPATH/index.php(55): CodeIgniter\CodeIgniter->run()
CRITICAL - 2022-07-19 00:50:20 --> Undefined variable $data
in APPPATH/Views/Auth/SignUpUserStep2.html on line 40.
 1 APPPATH/Views/Auth/SignUpUserStep2.html(40): CodeIgniter\Debug\Exceptions->errorHandler()
 2 SYSTEMPATH/View/View.php(213): include('APPPATH/Views/Auth/SignUpUserStep2.html')
 3 SYSTEMPATH/View/View.php(216): CodeIgniter\View\View->CodeIgniter\View\{closure}()
 4 SYSTEMPATH/Common.php(1135): CodeIgniter\View\View->render()
 5 APPPATH/Controllers/Auth.php(92): view()
 6 SYSTEMPATH/CodeIgniter.php(898): App\Controllers\Auth->SignUpUserStep2()
 7 SYSTEMPATH/CodeIgniter.php(468): CodeIgniter\CodeIgniter->runController()
 8 SYSTEMPATH/CodeIgniter.php(351): CodeIgniter\CodeIgniter->handleRequest()
 9 FCPATH/index.php(55): CodeIgniter\CodeIgniter->run()
CRITICAL - 2022-07-19 00:50:45 --> Undefined variable $data
in APPPATH/Views/Auth/SignUpUserStep2.html on line 40.
 1 APPPATH/Views/Auth/SignUpUserStep2.html(40): CodeIgniter\Debug\Exceptions->errorHandler()
 2 SYSTEMPATH/View/View.php(213): include('APPPATH/Views/Auth/SignUpUserStep2.html')
 3 SYSTEMPATH/View/View.php(216): CodeIgniter\View\View->CodeIgniter\View\{closure}()
 4 SYSTEMPATH/Common.php(1135): CodeIgniter\View\View->render()
 5 APPPATH/Controllers/Auth.php(92): view()
 6 SYSTEMPATH/CodeIgniter.php(898): App\Controllers\Auth->SignUpUserStep2()
 7 SYSTEMPATH/CodeIgniter.php(468): CodeIgniter\CodeIgniter->runController()
 8 SYSTEMPATH/CodeIgniter.php(351): CodeIgniter\CodeIgniter->handleRequest()
 9 FCPATH/index.php(55): CodeIgniter\CodeIgniter->run()
CRITICAL - 2022-07-19 00:51:34 --> Undefined variable $data
in APPPATH/Views/Auth/SignUpUserStep2.html on line 40.
 1 APPPATH/Views/Auth/SignUpUserStep2.html(40): CodeIgniter\Debug\Exceptions->errorHandler()
 2 SYSTEMPATH/View/View.php(213): include('APPPATH/Views/Auth/SignUpUserStep2.html')
 3 SYSTEMPATH/View/View.php(216): CodeIgniter\View\View->CodeIgniter\View\{closure}()
 4 SYSTEMPATH/Common.php(1135): CodeIgniter\View\View->render()
 5 APPPATH/Controllers/Auth.php(92): view()
 6 SYSTEMPATH/CodeIgniter.php(898): App\Controllers\Auth->SignUpUserStep2()
 7 SYSTEMPATH/CodeIgniter.php(468): CodeIgniter\CodeIgniter->runController()
 8 SYSTEMPATH/CodeIgniter.php(351): CodeIgniter\CodeIgniter->handleRequest()
 9 FCPATH/index.php(55): CodeIgniter\CodeIgniter->run()
CRITICAL - 2022-07-19 00:53:20 --> Undefined variable $data
in APPPATH/Views/Auth/SignUpUserStep2.html on line 40.
 1 APPPATH/Views/Auth/SignUpUserStep2.html(40): CodeIgniter\Debug\Exceptions->errorHandler()
 2 SYSTEMPATH/View/View.php(213): include('APPPATH/Views/Auth/SignUpUserStep2.html')
 3 SYSTEMPATH/View/View.php(216): CodeIgniter\View\View->CodeIgniter\View\{closure}()
 4 SYSTEMPATH/Common.php(1135): CodeIgniter\View\View->render()
 5 APPPATH/Controllers/Auth.php(92): view()
 6 SYSTEMPATH/CodeIgniter.php(898): App\Controllers\Auth->SignUpUserStep2()
 7 SYSTEMPATH/CodeIgniter.php(468): CodeIgniter\CodeIgniter->runController()
 8 SYSTEMPATH/CodeIgniter.php(351): CodeIgniter\CodeIgniter->handleRequest()
 9 FCPATH/index.php(55): CodeIgniter\CodeIgniter->run()
