CRITICAL - 2022-09-26 11:15:44 --> copy(D:\Project\SANGSENG\src\/service/public/uploads/63310b501c984.pdf): failed to open stream: No such file or directory
in APPPATH\Models\CommonModel.php on line 362.
 1 [internal function]: CodeIgniter\Debug\Exceptions->errorHandler(2, 'copy(D:\\Project\\SANGSENG\\src\\/service/public/uploads/63310b501c984.pdf): failed to open stream: No such file or directory', 'APPPATH\\Models\\CommonModel.php', 362, [...])
 2 APPPATH\Models\CommonModel.php(362): copy('D:\\Project\\SANGSENG\\src\\/service/public/uploads/63310b501c984.pdf', 'D:\\Project\\SANGSENG\\src\\/admin/public/uploads/63310b501c984.pdf')
 3 APPPATH\Models\Auth\SignUpCompanyModel.php(41): App\Models\CommonModel->uploadFileNEW([...], '63310b501c984.pdf', [...], 'seller_documents')
 4 APPPATH\Controllers\Auth.php(325): App\Models\Auth\SignUpCompanyModel->Register([...], [...])
 5 SYSTEMPATH\CodeIgniter.php(904): App\Controllers\Auth->SignUpSellerSubmit()
 6 SYSTEMPATH\CodeIgniter.php(457): CodeIgniter\CodeIgniter->runController(Object(App\Controllers\Auth))
 7 SYSTEMPATH\CodeIgniter.php(340): CodeIgniter\CodeIgniter->handleRequest(null, Object(Config\Cache), false)
 8 FCPATH\index.php(56): CodeIgniter\CodeIgniter->run()
CRITICAL - 2022-09-26 12:02:30 --> Call to a member function downloadFileNew() on null
in APPPATH\Controllers\Seller\MyPage.php on line 133.
 1 SYSTEMPATH\CodeIgniter.php(904): App\Controllers\Seller\Mypage->downloadFileNew()
 2 SYSTEMPATH\CodeIgniter.php(457): CodeIgniter\CodeIgniter->runController(Object(App\Controllers\Seller\Mypage))
 3 SYSTEMPATH\CodeIgniter.php(340): CodeIgniter\CodeIgniter->handleRequest(null, Object(Config\Cache), false)
 4 FCPATH\index.php(56): CodeIgniter\CodeIgniter->run()
CRITICAL - 2022-09-26 14:23:39 --> move_uploaded_file(D:\Project\SANGSENG\src\/service/public/uploads/6331375baec04.): failed to open stream: Permission denied
in APPPATH\Models\CommonModel.php on line 361.
 1 [internal function]: CodeIgniter\Debug\Exceptions->errorHandler(2, 'move_uploaded_file(D:\\Project\\SANGSENG\\src\\/service/public/uploads/6331375baec04.): failed to open stream: Permission denied', 'APPPATH\\Models\\CommonModel.php', 361, [...])
 2 APPPATH\Models\CommonModel.php(361): move_uploaded_file('D:\\server\\wamp64\\tmp\\phpF418.tmp', 'D:\\Project\\SANGSENG\\src\\/service/public/uploads/6331375baec04.')
 3 APPPATH\Models\Seller\SellerInfoModel.php(63): App\Models\CommonModel->uploadFileNEW([...], '6331375baec04.', [...], 'seller_business_license')
 4 APPPATH\Controllers\Seller\MyPage.php(80): App\Models\Seller\SellerInfoModel->infoUpdate([...], [...])
 5 SYSTEMPATH\CodeIgniter.php(904): App\Controllers\Seller\Mypage->InfoUpdate()
 6 SYSTEMPATH\CodeIgniter.php(457): CodeIgniter\CodeIgniter->runController(Object(App\Controllers\Seller\Mypage))
 7 SYSTEMPATH\CodeIgniter.php(340): CodeIgniter\CodeIgniter->handleRequest(null, Object(Config\Cache), false)
 8 FCPATH\index.php(56): CodeIgniter\CodeIgniter->run()
CRITICAL - 2022-09-26 14:24:11 --> move_uploaded_file(D:\Project\SANGSENG\src\/service/public/uploads/6331377ba9316.): failed to open stream: Permission denied
in APPPATH\Models\CommonModel.php on line 361.
 1 [internal function]: CodeIgniter\Debug\Exceptions->errorHandler(2, 'move_uploaded_file(D:\\Project\\SANGSENG\\src\\/service/public/uploads/6331377ba9316.): failed to open stream: Permission denied', 'APPPATH\\Models\\CommonModel.php', 361, [...])
 2 APPPATH\Models\CommonModel.php(361): move_uploaded_file('D:\\server\\wamp64\\tmp\\php7119.tmp', 'D:\\Project\\SANGSENG\\src\\/service/public/uploads/6331377ba9316.')
 3 APPPATH\Models\Seller\SellerInfoModel.php(63): App\Models\CommonModel->uploadFileNEW([...], '6331377ba9316.', [...], 'seller_business_license')
 4 APPPATH\Controllers\Seller\MyPage.php(80): App\Models\Seller\SellerInfoModel->infoUpdate([...], [...])
 5 SYSTEMPATH\CodeIgniter.php(904): App\Controllers\Seller\Mypage->InfoUpdate()
 6 SYSTEMPATH\CodeIgniter.php(457): CodeIgniter\CodeIgniter->runController(Object(App\Controllers\Seller\Mypage))
 7 SYSTEMPATH\CodeIgniter.php(340): CodeIgniter\CodeIgniter->handleRequest(null, Object(Config\Cache), false)
 8 FCPATH\index.php(56): CodeIgniter\CodeIgniter->run()
CRITICAL - 2022-09-26 14:26:52 --> move_uploaded_file(D:\Project\SANGSENG\src\/service/public/uploads/6331381cd2cd8.): failed to open stream: Permission denied
in APPPATH\Models\CommonModel.php on line 361.
 1 [internal function]: CodeIgniter\Debug\Exceptions->errorHandler(2, 'move_uploaded_file(D:\\Project\\SANGSENG\\src\\/service/public/uploads/6331381cd2cd8.): failed to open stream: Permission denied', 'APPPATH\\Models\\CommonModel.php', 361, [...])
 2 APPPATH\Models\CommonModel.php(361): move_uploaded_file('D:\\server\\wamp64\\tmp\\phpE69E.tmp', 'D:\\Project\\SANGSENG\\src\\/service/public/uploads/6331381cd2cd8.')
 3 APPPATH\Models\Seller\SellerInfoModel.php(63): App\Models\CommonModel->uploadFileNEW([...], '6331381cd2cd8.', [...], 'seller_business_license')
 4 APPPATH\Controllers\Seller\MyPage.php(80): App\Models\Seller\SellerInfoModel->infoUpdate([...], [...])
 5 SYSTEMPATH\CodeIgniter.php(904): App\Controllers\Seller\Mypage->InfoUpdate()
 6 SYSTEMPATH\CodeIgniter.php(457): CodeIgniter\CodeIgniter->runController(Object(App\Controllers\Seller\Mypage))
 7 SYSTEMPATH\CodeIgniter.php(340): CodeIgniter\CodeIgniter->handleRequest(null, Object(Config\Cache), false)
 8 FCPATH\index.php(56): CodeIgniter\CodeIgniter->run()
CRITICAL - 2022-09-26 14:45:09 --> syntax error, unexpected '?>', expecting ')'
in APPPATH\Views\Seller\Contract.html on line 172.
 1 SYSTEMPATH\View\View.php(216): CodeIgniter\View\View->CodeIgniter\View\{closure}()
 2 SYSTEMPATH\Common.php(1137): CodeIgniter\View\View->render('Seller/Contract.html', [], true)
 3 APPPATH\Controllers\Seller.php(56): view('Seller/Contract.html', [...])
 4 SYSTEMPATH\CodeIgniter.php(904): App\Controllers\Seller->Contract()
 5 SYSTEMPATH\CodeIgniter.php(457): CodeIgniter\CodeIgniter->runController(Object(App\Controllers\Seller))
 6 SYSTEMPATH\CodeIgniter.php(340): CodeIgniter\CodeIgniter->handleRequest(null, Object(Config\Cache), false)
 7 FCPATH\index.php(56): CodeIgniter\CodeIgniter->run()
CRITICAL - 2022-09-26 14:47:06 --> syntax error, unexpected ')', expecting ';' or ','
in APPPATH\Views\Seller\Contract.html on line 172.
 1 SYSTEMPATH\View\View.php(216): CodeIgniter\View\View->CodeIgniter\View\{closure}()
 2 SYSTEMPATH\Common.php(1137): CodeIgniter\View\View->render('Seller/Contract.html', [], true)
 3 APPPATH\Controllers\Seller.php(56): view('Seller/Contract.html', [...])
 4 SYSTEMPATH\CodeIgniter.php(904): App\Controllers\Seller->Contract()
 5 SYSTEMPATH\CodeIgniter.php(457): CodeIgniter\CodeIgniter->runController(Object(App\Controllers\Seller))
 6 SYSTEMPATH\CodeIgniter.php(340): CodeIgniter\CodeIgniter->handleRequest(null, Object(Config\Cache), false)
 7 FCPATH\index.php(56): CodeIgniter\CodeIgniter->run()
CRITICAL - 2022-09-26 14:50:32 --> syntax error, unexpected '<'
in APPPATH\Views\Seller\Contract.html on line 172.
 1 SYSTEMPATH\View\View.php(216): CodeIgniter\View\View->CodeIgniter\View\{closure}()
 2 SYSTEMPATH\Common.php(1137): CodeIgniter\View\View->render('Seller/Contract.html', [], true)
 3 APPPATH\Controllers\Seller.php(56): view('Seller/Contract.html', [...])
 4 SYSTEMPATH\CodeIgniter.php(904): App\Controllers\Seller->Contract()
 5 SYSTEMPATH\CodeIgniter.php(457): CodeIgniter\CodeIgniter->runController(Object(App\Controllers\Seller))
 6 SYSTEMPATH\CodeIgniter.php(340): CodeIgniter\CodeIgniter->handleRequest(null, Object(Config\Cache), false)
 7 FCPATH\index.php(56): CodeIgniter\CodeIgniter->run()
CRITICAL - 2022-09-26 14:50:41 --> syntax error, unexpected '<'
in APPPATH\Views\Seller\Contract.html on line 172.
 1 SYSTEMPATH\View\View.php(216): CodeIgniter\View\View->CodeIgniter\View\{closure}()
 2 SYSTEMPATH\Common.php(1137): CodeIgniter\View\View->render('Seller/Contract.html', [], true)
 3 APPPATH\Controllers\Seller.php(56): view('Seller/Contract.html', [...])
 4 SYSTEMPATH\CodeIgniter.php(904): App\Controllers\Seller->Contract()
 5 SYSTEMPATH\CodeIgniter.php(457): CodeIgniter\CodeIgniter->runController(Object(App\Controllers\Seller))
 6 SYSTEMPATH\CodeIgniter.php(340): CodeIgniter\CodeIgniter->handleRequest(null, Object(Config\Cache), false)
 7 FCPATH\index.php(56): CodeIgniter\CodeIgniter->run()
CRITICAL - 2022-09-26 15:21:46 --> Unknown column 'status' in 'where clause'
in APPPATH\Models\dbClasses\dbQueryClass.php on line 64.
 1 APPPATH\Models\dbClasses\dbQueryClass.php(25): App\Models\dbClasses\dbQueryClass->trace_error('Unknown column \'status\' in \'where clause\'')
 2 APPPATH\Models\Reduction\ReductionModel.php(23): App\Models\dbClasses\dbQueryClass->query('
            select
                *
            from
              contract_condition
            where status = \'5\'
            and del_yn !=\'Y\' 
            and buyer_uuid = \'4af34614-fe3c-4a9c-8303-7e2362fa236a\'
           order by 
               idx desc
        ')
 3 APPPATH\Controllers\Reduction\Help.php(26): App\Models\Reduction\ReductionModel->getdocumentList()
 4 SYSTEMPATH\CodeIgniter.php(904): App\Controllers\Reduction\Help->index()
 5 SYSTEMPATH\CodeIgniter.php(457): CodeIgniter\CodeIgniter->runController(Object(App\Controllers\Reduction\Help))
 6 SYSTEMPATH\CodeIgniter.php(340): CodeIgniter\CodeIgniter->handleRequest(null, Object(Config\Cache), false)
 7 FCPATH\index.php(56): CodeIgniter\CodeIgniter->run()
CRITICAL - 2022-09-26 15:21:54 --> Unknown column 'status' in 'where clause'
in APPPATH\Models\dbClasses\dbQueryClass.php on line 64.
 1 APPPATH\Models\dbClasses\dbQueryClass.php(25): App\Models\dbClasses\dbQueryClass->trace_error('Unknown column \'status\' in \'where clause\'')
 2 APPPATH\Models\Reduction\ReductionModel.php(23): App\Models\dbClasses\dbQueryClass->query('
            select
                *
            from
              contract_condition
            where status = \'5\'
            and del_yn !=\'Y\' 
            and buyer_uuid = \'4af34614-fe3c-4a9c-8303-7e2362fa236a\'
           order by 
               idx desc
        ')
 3 APPPATH\Controllers\Reduction\Help.php(26): App\Models\Reduction\ReductionModel->getdocumentList()
 4 SYSTEMPATH\CodeIgniter.php(904): App\Controllers\Reduction\Help->index()
 5 SYSTEMPATH\CodeIgniter.php(457): CodeIgniter\CodeIgniter->runController(Object(App\Controllers\Reduction\Help))
 6 SYSTEMPATH\CodeIgniter.php(340): CodeIgniter\CodeIgniter->handleRequest(null, Object(Config\Cache), false)
 7 FCPATH\index.php(56): CodeIgniter\CodeIgniter->run()
CRITICAL - 2022-09-26 15:25:21 --> syntax error, unexpected '<'
in APPPATH\Views\Reduction\Help.html on line 9.
 1 SYSTEMPATH\View\View.php(216): CodeIgniter\View\View->CodeIgniter\View\{closure}()
 2 SYSTEMPATH\Common.php(1137): CodeIgniter\View\View->render('Reduction/Help.html', [], true)
 3 APPPATH\Controllers\Reduction\Help.php(31): view('Reduction/Help.html', [...])
 4 SYSTEMPATH\CodeIgniter.php(904): App\Controllers\Reduction\Help->index()
 5 SYSTEMPATH\CodeIgniter.php(457): CodeIgniter\CodeIgniter->runController(Object(App\Controllers\Reduction\Help))
 6 SYSTEMPATH\CodeIgniter.php(340): CodeIgniter\CodeIgniter->handleRequest(null, Object(Config\Cache), false)
 7 FCPATH\index.php(56): CodeIgniter\CodeIgniter->run()
CRITICAL - 2022-09-26 15:26:00 --> syntax error, unexpected '<'
in APPPATH\Views\Reduction\Help.html on line 9.
 1 SYSTEMPATH\View\View.php(216): CodeIgniter\View\View->CodeIgniter\View\{closure}()
 2 SYSTEMPATH\Common.php(1137): CodeIgniter\View\View->render('Reduction/Help.html', [], true)
 3 APPPATH\Controllers\Reduction\Help.php(31): view('Reduction/Help.html', [...])
 4 SYSTEMPATH\CodeIgniter.php(904): App\Controllers\Reduction\Help->index()
 5 SYSTEMPATH\CodeIgniter.php(457): CodeIgniter\CodeIgniter->runController(Object(App\Controllers\Reduction\Help))
 6 SYSTEMPATH\CodeIgniter.php(340): CodeIgniter\CodeIgniter->handleRequest(null, Object(Config\Cache), false)
 7 FCPATH\index.php(56): CodeIgniter\CodeIgniter->run()
CRITICAL - 2022-09-26 15:26:30 --> syntax error, unexpected '<'
in APPPATH\Views\Reduction\Help.html on line 10.
 1 SYSTEMPATH\View\View.php(216): CodeIgniter\View\View->CodeIgniter\View\{closure}()
 2 SYSTEMPATH\Common.php(1137): CodeIgniter\View\View->render('Reduction/Help.html', [], true)
 3 APPPATH\Controllers\Reduction\Help.php(31): view('Reduction/Help.html', [...])
 4 SYSTEMPATH\CodeIgniter.php(904): App\Controllers\Reduction\Help->index()
 5 SYSTEMPATH\CodeIgniter.php(457): CodeIgniter\CodeIgniter->runController(Object(App\Controllers\Reduction\Help))
 6 SYSTEMPATH\CodeIgniter.php(340): CodeIgniter\CodeIgniter->handleRequest(null, Object(Config\Cache), false)
 7 FCPATH\index.php(56): CodeIgniter\CodeIgniter->run()
CRITICAL - 2022-09-26 15:26:56 --> syntax error, unexpected '<'
in APPPATH\Views\Reduction\Help.html on line 8.
 1 SYSTEMPATH\View\View.php(216): CodeIgniter\View\View->CodeIgniter\View\{closure}()
 2 SYSTEMPATH\Common.php(1137): CodeIgniter\View\View->render('Reduction/Help.html', [], true)
 3 APPPATH\Controllers\Reduction\Help.php(31): view('Reduction/Help.html', [...])
 4 SYSTEMPATH\CodeIgniter.php(904): App\Controllers\Reduction\Help->index()
 5 SYSTEMPATH\CodeIgniter.php(457): CodeIgniter\CodeIgniter->runController(Object(App\Controllers\Reduction\Help))
 6 SYSTEMPATH\CodeIgniter.php(340): CodeIgniter\CodeIgniter->handleRequest(null, Object(Config\Cache), false)
 7 FCPATH\index.php(56): CodeIgniter\CodeIgniter->run()
CRITICAL - 2022-09-26 15:28:02 --> syntax error, unexpected '<'
in APPPATH\Views\Reduction\Help.html on line 9.
 1 SYSTEMPATH\View\View.php(216): CodeIgniter\View\View->CodeIgniter\View\{closure}()
 2 SYSTEMPATH\Common.php(1137): CodeIgniter\View\View->render('Reduction/Help.html', [], true)
 3 APPPATH\Controllers\Reduction\Help.php(31): view('Reduction/Help.html', [...])
 4 SYSTEMPATH\CodeIgniter.php(904): App\Controllers\Reduction\Help->index()
 5 SYSTEMPATH\CodeIgniter.php(457): CodeIgniter\CodeIgniter->runController(Object(App\Controllers\Reduction\Help))
 6 SYSTEMPATH\CodeIgniter.php(340): CodeIgniter\CodeIgniter->handleRequest(null, Object(Config\Cache), false)
 7 FCPATH\index.php(56): CodeIgniter\CodeIgniter->run()
CRITICAL - 2022-09-26 15:29:44 --> syntax error, unexpected '<'
in APPPATH\Views\Reduction\Help.html on line 9.
 1 SYSTEMPATH\View\View.php(216): CodeIgniter\View\View->CodeIgniter\View\{closure}()
 2 SYSTEMPATH\Common.php(1137): CodeIgniter\View\View->render('Reduction/Help.html', [], true)
 3 APPPATH\Controllers\Reduction\Help.php(31): view('Reduction/Help.html', [...])
 4 SYSTEMPATH\CodeIgniter.php(904): App\Controllers\Reduction\Help->index()
 5 SYSTEMPATH\CodeIgniter.php(457): CodeIgniter\CodeIgniter->runController(Object(App\Controllers\Reduction\Help))
 6 SYSTEMPATH\CodeIgniter.php(340): CodeIgniter\CodeIgniter->handleRequest(null, Object(Config\Cache), false)
 7 FCPATH\index.php(56): CodeIgniter\CodeIgniter->run()
CRITICAL - 2022-09-26 15:30:38 --> Invalid argument supplied for foreach()
in APPPATH\Views\Reduction\Help.html on line 7.
 1 APPPATH\Views\Reduction\Help.html(7): CodeIgniter\Debug\Exceptions->errorHandler(2, 'Invalid argument supplied for foreach()', 'APPPATH\\Views\\Reduction\\Help.html', 7, [...])
 2 SYSTEMPATH\View\View.php(213): include('APPPATH\\Views\\Reduction\\Help.html')
 3 SYSTEMPATH\View\View.php(216): CodeIgniter\View\View->CodeIgniter\View\{closure}()
 4 SYSTEMPATH\Common.php(1137): CodeIgniter\View\View->render('Reduction/Help.html', [], true)
 5 APPPATH\Controllers\Reduction\Help.php(31): view('Reduction/Help.html', [...])
 6 SYSTEMPATH\CodeIgniter.php(904): App\Controllers\Reduction\Help->index()
 7 SYSTEMPATH\CodeIgniter.php(457): CodeIgniter\CodeIgniter->runController(Object(App\Controllers\Reduction\Help))
 8 SYSTEMPATH\CodeIgniter.php(340): CodeIgniter\CodeIgniter->handleRequest(null, Object(Config\Cache), false)
 9 FCPATH\index.php(56): CodeIgniter\CodeIgniter->run()
CRITICAL - 2022-09-26 15:32:03 --> Illegal string offset 'contract_no'
in APPPATH\Views\Reduction\Help.html on line 11.
 1 APPPATH\Views\Reduction\Help.html(11): CodeIgniter\Debug\Exceptions->errorHandler(2, 'Illegal string offset \'contract_no\'', 'APPPATH\\Views\\Reduction\\Help.html', 11, [...])
 2 SYSTEMPATH\View\View.php(213): include('APPPATH\\Views\\Reduction\\Help.html')
 3 SYSTEMPATH\View\View.php(216): CodeIgniter\View\View->CodeIgniter\View\{closure}()
 4 SYSTEMPATH\Common.php(1137): CodeIgniter\View\View->render('Reduction/Help.html', [], true)
 5 APPPATH\Controllers\Reduction\Help.php(31): view('Reduction/Help.html', [...])
 6 SYSTEMPATH\CodeIgniter.php(904): App\Controllers\Reduction\Help->index()
 7 SYSTEMPATH\CodeIgniter.php(457): CodeIgniter\CodeIgniter->runController(Object(App\Controllers\Reduction\Help))
 8 SYSTEMPATH\CodeIgniter.php(340): CodeIgniter\CodeIgniter->handleRequest(null, Object(Config\Cache), false)
 9 FCPATH\index.php(56): CodeIgniter\CodeIgniter->run()
CRITICAL - 2022-09-26 15:33:20 --> Illegal string offset 'product_name'
in APPPATH\Views\Reduction\Help.html on line 11.
 1 APPPATH\Views\Reduction\Help.html(11): CodeIgniter\Debug\Exceptions->errorHandler(2, 'Illegal string offset \'product_name\'', 'APPPATH\\Views\\Reduction\\Help.html', 11, [...])
 2 SYSTEMPATH\View\View.php(213): include('APPPATH\\Views\\Reduction\\Help.html')
 3 SYSTEMPATH\View\View.php(216): CodeIgniter\View\View->CodeIgniter\View\{closure}()
 4 SYSTEMPATH\Common.php(1137): CodeIgniter\View\View->render('Reduction/Help.html', [], true)
 5 APPPATH\Controllers\Reduction\Help.php(31): view('Reduction/Help.html', [...])
 6 SYSTEMPATH\CodeIgniter.php(904): App\Controllers\Reduction\Help->index()
 7 SYSTEMPATH\CodeIgniter.php(457): CodeIgniter\CodeIgniter->runController(Object(App\Controllers\Reduction\Help))
 8 SYSTEMPATH\CodeIgniter.php(340): CodeIgniter\CodeIgniter->handleRequest(null, Object(Config\Cache), false)
 9 FCPATH\index.php(56): CodeIgniter\CodeIgniter->run()
CRITICAL - 2022-09-26 15:35:30 --> Illegal string offset 'product_name'
in APPPATH\Views\Reduction\Help.html on line 11.
 1 APPPATH\Views\Reduction\Help.html(11): CodeIgniter\Debug\Exceptions->errorHandler(2, 'Illegal string offset \'product_name\'', 'APPPATH\\Views\\Reduction\\Help.html', 11, [...])
 2 SYSTEMPATH\View\View.php(213): include('APPPATH\\Views\\Reduction\\Help.html')
 3 SYSTEMPATH\View\View.php(216): CodeIgniter\View\View->CodeIgniter\View\{closure}()
 4 SYSTEMPATH\Common.php(1137): CodeIgniter\View\View->render('Reduction/Help.html', [], true)
 5 APPPATH\Controllers\Reduction\Help.php(31): view('Reduction/Help.html', [...])
 6 SYSTEMPATH\CodeIgniter.php(904): App\Controllers\Reduction\Help->index()
 7 SYSTEMPATH\CodeIgniter.php(457): CodeIgniter\CodeIgniter->runController(Object(App\Controllers\Reduction\Help))
 8 SYSTEMPATH\CodeIgniter.php(340): CodeIgniter\CodeIgniter->handleRequest(null, Object(Config\Cache), false)
 9 FCPATH\index.php(56): CodeIgniter\CodeIgniter->run()
CRITICAL - 2022-09-26 15:35:36 --> Invalid argument supplied for foreach()
in APPPATH\Views\Reduction\Help.html on line 7.
 1 APPPATH\Views\Reduction\Help.html(7): CodeIgniter\Debug\Exceptions->errorHandler(2, 'Invalid argument supplied for foreach()', 'APPPATH\\Views\\Reduction\\Help.html', 7, [...])
 2 SYSTEMPATH\View\View.php(213): include('APPPATH\\Views\\Reduction\\Help.html')
 3 SYSTEMPATH\View\View.php(216): CodeIgniter\View\View->CodeIgniter\View\{closure}()
 4 SYSTEMPATH\Common.php(1137): CodeIgniter\View\View->render('Reduction/Help.html', [], true)
 5 APPPATH\Controllers\Reduction\Help.php(31): view('Reduction/Help.html', [...])
 6 SYSTEMPATH\CodeIgniter.php(904): App\Controllers\Reduction\Help->index()
 7 SYSTEMPATH\CodeIgniter.php(457): CodeIgniter\CodeIgniter->runController(Object(App\Controllers\Reduction\Help))
 8 SYSTEMPATH\CodeIgniter.php(340): CodeIgniter\CodeIgniter->handleRequest(null, Object(Config\Cache), false)
 9 FCPATH\index.php(56): CodeIgniter\CodeIgniter->run()
CRITICAL - 2022-09-26 15:42:47 --> A non-numeric value encountered
in APPPATH\Views\Reduction\Help.html on line 6.
 1 APPPATH\Views\Reduction\Help.html(6): CodeIgniter\Debug\Exceptions->errorHandler(2, 'A non-numeric value encountered', 'APPPATH\\Views\\Reduction\\Help.html', 6, [...])
 2 SYSTEMPATH\View\View.php(213): include('APPPATH\\Views\\Reduction\\Help.html')
 3 SYSTEMPATH\View\View.php(216): CodeIgniter\View\View->CodeIgniter\View\{closure}()
 4 SYSTEMPATH\Common.php(1137): CodeIgniter\View\View->render('Reduction/Help.html', [], true)
 5 APPPATH\Controllers\Reduction\Help.php(31): view('Reduction/Help.html', [...])
 6 SYSTEMPATH\CodeIgniter.php(904): App\Controllers\Reduction\Help->index()
 7 SYSTEMPATH\CodeIgniter.php(457): CodeIgniter\CodeIgniter->runController(Object(App\Controllers\Reduction\Help))
 8 SYSTEMPATH\CodeIgniter.php(340): CodeIgniter\CodeIgniter->handleRequest(null, Object(Config\Cache), false)
 9 FCPATH\index.php(56): CodeIgniter\CodeIgniter->run()
CRITICAL - 2022-09-26 15:43:11 --> syntax error, unexpected 'echo' (T_ECHO)
in APPPATH\Views\Reduction\Help.html on line 8.
 1 SYSTEMPATH\View\View.php(216): CodeIgniter\View\View->CodeIgniter\View\{closure}()
 2 SYSTEMPATH\Common.php(1137): CodeIgniter\View\View->render('Reduction/Help.html', [], true)
 3 APPPATH\Controllers\Reduction\Help.php(31): view('Reduction/Help.html', [...])
 4 SYSTEMPATH\CodeIgniter.php(904): App\Controllers\Reduction\Help->index()
 5 SYSTEMPATH\CodeIgniter.php(457): CodeIgniter\CodeIgniter->runController(Object(App\Controllers\Reduction\Help))
 6 SYSTEMPATH\CodeIgniter.php(340): CodeIgniter\CodeIgniter->handleRequest(null, Object(Config\Cache), false)
 7 FCPATH\index.php(56): CodeIgniter\CodeIgniter->run()
CRITICAL - 2022-09-26 15:43:15 --> A non-numeric value encountered
in APPPATH\Views\Reduction\Help.html on line 8.
 1 APPPATH\Views\Reduction\Help.html(8): CodeIgniter\Debug\Exceptions->errorHandler(2, 'A non-numeric value encountered', 'APPPATH\\Views\\Reduction\\Help.html', 8, [...])
 2 SYSTEMPATH\View\View.php(213): include('APPPATH\\Views\\Reduction\\Help.html')
 3 SYSTEMPATH\View\View.php(216): CodeIgniter\View\View->CodeIgniter\View\{closure}()
 4 SYSTEMPATH\Common.php(1137): CodeIgniter\View\View->render('Reduction/Help.html', [], true)
 5 APPPATH\Controllers\Reduction\Help.php(31): view('Reduction/Help.html', [...])
 6 SYSTEMPATH\CodeIgniter.php(904): App\Controllers\Reduction\Help->index()
 7 SYSTEMPATH\CodeIgniter.php(457): CodeIgniter\CodeIgniter->runController(Object(App\Controllers\Reduction\Help))
 8 SYSTEMPATH\CodeIgniter.php(340): CodeIgniter\CodeIgniter->handleRequest(null, Object(Config\Cache), false)
 9 FCPATH\index.php(56): CodeIgniter\CodeIgniter->run()
CRITICAL - 2022-09-26 15:43:17 --> A non-numeric value encountered
in APPPATH\Views\Reduction\Help.html on line 8.
 1 APPPATH\Views\Reduction\Help.html(8): CodeIgniter\Debug\Exceptions->errorHandler(2, 'A non-numeric value encountered', 'APPPATH\\Views\\Reduction\\Help.html', 8, [...])
 2 SYSTEMPATH\View\View.php(213): include('APPPATH\\Views\\Reduction\\Help.html')
 3 SYSTEMPATH\View\View.php(216): CodeIgniter\View\View->CodeIgniter\View\{closure}()
 4 SYSTEMPATH\Common.php(1137): CodeIgniter\View\View->render('Reduction/Help.html', [], true)
 5 APPPATH\Controllers\Reduction\Help.php(31): view('Reduction/Help.html', [...])
 6 SYSTEMPATH\CodeIgniter.php(904): App\Controllers\Reduction\Help->index()
 7 SYSTEMPATH\CodeIgniter.php(457): CodeIgniter\CodeIgniter->runController(Object(App\Controllers\Reduction\Help))
 8 SYSTEMPATH\CodeIgniter.php(340): CodeIgniter\CodeIgniter->handleRequest(null, Object(Config\Cache), false)
 9 FCPATH\index.php(56): CodeIgniter\CodeIgniter->run()
CRITICAL - 2022-09-26 15:51:05 --> Illegal string offset 'contract_no'
in APPPATH\Views\Reduction\Help.html on line 13.
 1 APPPATH\Views\Reduction\Help.html(13): CodeIgniter\Debug\Exceptions->errorHandler(2, 'Illegal string offset \'contract_no\'', 'APPPATH\\Views\\Reduction\\Help.html', 13, [...])
 2 SYSTEMPATH\View\View.php(213): include('APPPATH\\Views\\Reduction\\Help.html')
 3 SYSTEMPATH\View\View.php(216): CodeIgniter\View\View->CodeIgniter\View\{closure}()
 4 SYSTEMPATH\Common.php(1137): CodeIgniter\View\View->render('Reduction/Help.html', [], true)
 5 APPPATH\Controllers\Reduction\Help.php(31): view('Reduction/Help.html', [...])
 6 SYSTEMPATH\CodeIgniter.php(904): App\Controllers\Reduction\Help->index()
 7 SYSTEMPATH\CodeIgniter.php(457): CodeIgniter\CodeIgniter->runController(Object(App\Controllers\Reduction\Help))
 8 SYSTEMPATH\CodeIgniter.php(340): CodeIgniter\CodeIgniter->handleRequest(null, Object(Config\Cache), false)
 9 FCPATH\index.php(56): CodeIgniter\CodeIgniter->run()
CRITICAL - 2022-09-26 15:51:05 --> Cannot use [] for reading
in xdebug://debug-eval(1) : eval()'d code on line 2.
 1 [internal function]: CodeIgniter\Debug\Exceptions->shutdownHandler()
CRITICAL - 2022-09-26 16:19:46 --> mysqli_fetch_assoc() expects parameter 1 to be mysqli_result, bool given
in APPPATH\Models\dbClasses\dbQueryClass.php on line 37.
 1 [internal function]: CodeIgniter\Debug\Exceptions->errorHandler(2, 'mysqli_fetch_assoc() expects parameter 1 to be mysqli_result, bool given', 'APPPATH\\Models\\dbClasses\\dbQueryClass.php', 37, [...])
 2 APPPATH\Models\dbClasses\dbQueryClass.php(37): mysqli_fetch_assoc(true)
 3 APPPATH\Models\Reduction\ReductionModel.php(44): App\Models\dbClasses\dbQueryClass->next_row()
 4 APPPATH\Controllers\Reduction\Help.php(26): App\Models\Reduction\ReductionModel->getdownloadList([])
 5 SYSTEMPATH\CodeIgniter.php(904): App\Controllers\Reduction\Help->index()
 6 SYSTEMPATH\CodeIgniter.php(457): CodeIgniter\CodeIgniter->runController(Object(App\Controllers\Reduction\Help))
 7 SYSTEMPATH\CodeIgniter.php(340): CodeIgniter\CodeIgniter->handleRequest(null, Object(Config\Cache), false)
 8 FCPATH\index.php(56): CodeIgniter\CodeIgniter->run()
CRITICAL - 2022-09-26 16:36:05 --> syntax error, unexpected '' (T_ENCAPSED_AND_WHITESPACE), expecting '-' or identifier (T_STRING) or variable (T_VARIABLE) or number (T_NUM_STRING)
in APPPATH\Views\Reduction\Help.html on line 9.
 1 SYSTEMPATH\View\View.php(216): CodeIgniter\View\View->CodeIgniter\View\{closure}()
 2 SYSTEMPATH\Common.php(1137): CodeIgniter\View\View->render('Reduction/Help.html', [], true)
 3 APPPATH\Controllers\Reduction\Help.php(35): view('Reduction/Help.html', [...])
 4 SYSTEMPATH\CodeIgniter.php(904): App\Controllers\Reduction\Help->index()
 5 SYSTEMPATH\CodeIgniter.php(457): CodeIgniter\CodeIgniter->runController(Object(App\Controllers\Reduction\Help))
 6 SYSTEMPATH\CodeIgniter.php(340): CodeIgniter\CodeIgniter->handleRequest(null, Object(Config\Cache), false)
 7 FCPATH\index.php(56): CodeIgniter\CodeIgniter->run()
CRITICAL - 2022-09-26 16:36:38 --> syntax error, unexpected '' (T_ENCAPSED_AND_WHITESPACE), expecting '-' or identifier (T_STRING) or variable (T_VARIABLE) or number (T_NUM_STRING)
in APPPATH\Views\Reduction\Help.html on line 9.
 1 SYSTEMPATH\View\View.php(216): CodeIgniter\View\View->CodeIgniter\View\{closure}()
 2 SYSTEMPATH\Common.php(1137): CodeIgniter\View\View->render('Reduction/Help.html', [], true)
 3 APPPATH\Controllers\Reduction\Help.php(35): view('Reduction/Help.html', [...])
 4 SYSTEMPATH\CodeIgniter.php(904): App\Controllers\Reduction\Help->index()
 5 SYSTEMPATH\CodeIgniter.php(457): CodeIgniter\CodeIgniter->runController(Object(App\Controllers\Reduction\Help))
 6 SYSTEMPATH\CodeIgniter.php(340): CodeIgniter\CodeIgniter->handleRequest(null, Object(Config\Cache), false)
 7 FCPATH\index.php(56): CodeIgniter\CodeIgniter->run()
CRITICAL - 2022-09-26 16:39:03 --> syntax error, unexpected '<', expecting end of file
in APPPATH\Views\Reduction\Help.html on line 11.
 1 SYSTEMPATH\View\View.php(216): CodeIgniter\View\View->CodeIgniter\View\{closure}()
 2 SYSTEMPATH\Common.php(1137): CodeIgniter\View\View->render('Reduction/Help.html', [], true)
 3 APPPATH\Controllers\Reduction\Help.php(36): view('Reduction/Help.html', [...])
 4 SYSTEMPATH\CodeIgniter.php(904): App\Controllers\Reduction\Help->index()
 5 SYSTEMPATH\CodeIgniter.php(457): CodeIgniter\CodeIgniter->runController(Object(App\Controllers\Reduction\Help))
 6 SYSTEMPATH\CodeIgniter.php(340): CodeIgniter\CodeIgniter->handleRequest(null, Object(Config\Cache), false)
 7 FCPATH\index.php(56): CodeIgniter\CodeIgniter->run()
CRITICAL - 2022-09-26 17:30:48 --> syntax error, unexpected 'contract_no' (T_STRING)
in APPPATH\Views\Reduction\Help.html on line 13.
 1 SYSTEMPATH\View\View.php(216): CodeIgniter\View\View->CodeIgniter\View\{closure}()
 2 SYSTEMPATH\Common.php(1137): CodeIgniter\View\View->render('Reduction/Help.html', [], true)
 3 APPPATH\Controllers\Reduction\Help.php(36): view('Reduction/Help.html', [...])
 4 SYSTEMPATH\CodeIgniter.php(904): App\Controllers\Reduction\Help->index()
 5 SYSTEMPATH\CodeIgniter.php(457): CodeIgniter\CodeIgniter->runController(Object(App\Controllers\Reduction\Help))
 6 SYSTEMPATH\CodeIgniter.php(340): CodeIgniter\CodeIgniter->handleRequest(null, Object(Config\Cache), false)
 7 FCPATH\index.php(56): CodeIgniter\CodeIgniter->run()
CRITICAL - 2022-09-26 17:31:33 --> syntax error, unexpected 'contract_no' (T_STRING)
in APPPATH\Views\Reduction\Help.html on line 13.
 1 SYSTEMPATH\View\View.php(216): CodeIgniter\View\View->CodeIgniter\View\{closure}()
 2 SYSTEMPATH\Common.php(1137): CodeIgniter\View\View->render('Reduction/Help.html', [], true)
 3 APPPATH\Controllers\Reduction\Help.php(36): view('Reduction/Help.html', [...])
 4 SYSTEMPATH\CodeIgniter.php(904): App\Controllers\Reduction\Help->index()
 5 SYSTEMPATH\CodeIgniter.php(457): CodeIgniter\CodeIgniter->runController(Object(App\Controllers\Reduction\Help))
 6 SYSTEMPATH\CodeIgniter.php(340): CodeIgniter\CodeIgniter->handleRequest(null, Object(Config\Cache), false)
 7 FCPATH\index.php(56): CodeIgniter\CodeIgniter->run()
CRITICAL - 2022-09-26 17:31:40 --> syntax error, unexpected 'contract_no' (T_STRING)
in APPPATH\Views\Reduction\Help.html on line 13.
 1 SYSTEMPATH\View\View.php(216): CodeIgniter\View\View->CodeIgniter\View\{closure}()
 2 SYSTEMPATH\Common.php(1137): CodeIgniter\View\View->render('Reduction/Help.html', [], true)
 3 APPPATH\Controllers\Reduction\Help.php(36): view('Reduction/Help.html', [...])
 4 SYSTEMPATH\CodeIgniter.php(904): App\Controllers\Reduction\Help->index()
 5 SYSTEMPATH\CodeIgniter.php(457): CodeIgniter\CodeIgniter->runController(Object(App\Controllers\Reduction\Help))
 6 SYSTEMPATH\CodeIgniter.php(340): CodeIgniter\CodeIgniter->handleRequest(null, Object(Config\Cache), false)
 7 FCPATH\index.php(56): CodeIgniter\CodeIgniter->run()
CRITICAL - 2022-09-26 17:31:53 --> syntax error, unexpected 'contract_no' (T_STRING)
in APPPATH\Views\Reduction\Help.html on line 13.
 1 SYSTEMPATH\View\View.php(216): CodeIgniter\View\View->CodeIgniter\View\{closure}()
 2 SYSTEMPATH\Common.php(1137): CodeIgniter\View\View->render('Reduction/Help.html', [], true)
 3 APPPATH\Controllers\Reduction\Help.php(36): view('Reduction/Help.html', [...])
 4 SYSTEMPATH\CodeIgniter.php(904): App\Controllers\Reduction\Help->index()
 5 SYSTEMPATH\CodeIgniter.php(457): CodeIgniter\CodeIgniter->runController(Object(App\Controllers\Reduction\Help))
 6 SYSTEMPATH\CodeIgniter.php(340): CodeIgniter\CodeIgniter->handleRequest(null, Object(Config\Cache), false)
 7 FCPATH\index.php(56): CodeIgniter\CodeIgniter->run()
CRITICAL - 2022-09-26 17:38:39 --> You have an error in your SQL syntax; check the manual that corresponds to your MariaDB server version for the right syntax to use near 'limit 1' at line 7
in APPPATH\Models\dbClasses\dbQueryClass.php on line 64.
 1 APPPATH\Models\dbClasses\dbQueryClass.php(25): App\Models\dbClasses\dbQueryClass->trace_error('You have an error in your SQL syntax; check the manual that corresponds to your MariaDB server version for the right syntax to use near \'limit 1\' at line 7')
 2 APPPATH\Models\Reduction\ReductionModel.php(64): App\Models\dbClasses\dbQueryClass->query('
         select
            *
            from
            contract_condition
            where
            contract_no = 
            limit 1
            ')
 3 APPPATH\Controllers\Reduction\Help.php(26): App\Models\Reduction\ReductionModel->getdownloadList([...])
 4 SYSTEMPATH\CodeIgniter.php(904): App\Controllers\Reduction\Help->index()
 5 SYSTEMPATH\CodeIgniter.php(457): CodeIgniter\CodeIgniter->runController(Object(App\Controllers\Reduction\Help))
 6 SYSTEMPATH\CodeIgniter.php(340): CodeIgniter\CodeIgniter->handleRequest(null, Object(Config\Cache), false)
 7 FCPATH\index.php(56): CodeIgniter\CodeIgniter->run()
CRITICAL - 2022-09-26 17:38:49 --> You have an error in your SQL syntax; check the manual that corresponds to your MariaDB server version for the right syntax to use near 'limit 1' at line 7
in APPPATH\Models\dbClasses\dbQueryClass.php on line 64.
 1 APPPATH\Models\dbClasses\dbQueryClass.php(25): App\Models\dbClasses\dbQueryClass->trace_error('You have an error in your SQL syntax; check the manual that corresponds to your MariaDB server version for the right syntax to use near \'limit 1\' at line 7')
 2 APPPATH\Models\Reduction\ReductionModel.php(64): App\Models\dbClasses\dbQueryClass->query('
         select
            *
            from
            contract_condition
            where
            contract_no = 
            limit 1
            ')
 3 APPPATH\Controllers\Reduction\Help.php(26): App\Models\Reduction\ReductionModel->getdownloadList([])
 4 SYSTEMPATH\CodeIgniter.php(904): App\Controllers\Reduction\Help->index()
 5 SYSTEMPATH\CodeIgniter.php(457): CodeIgniter\CodeIgniter->runController(Object(App\Controllers\Reduction\Help))
 6 SYSTEMPATH\CodeIgniter.php(340): CodeIgniter\CodeIgniter->handleRequest(null, Object(Config\Cache), false)
 7 FCPATH\index.php(56): CodeIgniter\CodeIgniter->run()
CRITICAL - 2022-09-26 17:39:05 --> You have an error in your SQL syntax; check the manual that corresponds to your MariaDB server version for the right syntax to use near '' at line 6
in APPPATH\Models\dbClasses\dbQueryClass.php on line 64.
 1 APPPATH\Models\dbClasses\dbQueryClass.php(25): App\Models\dbClasses\dbQueryClass->trace_error('You have an error in your SQL syntax; check the manual that corresponds to your MariaDB server version for the right syntax to use near \'\' at line 6')
 2 APPPATH\Models\Reduction\ReductionModel.php(63): App\Models\dbClasses\dbQueryClass->query('
         select
            *
            from
            contract_condition
            where
            contract_no = 
            ')
 3 APPPATH\Controllers\Reduction\Help.php(26): App\Models\Reduction\ReductionModel->getdownloadList([])
 4 SYSTEMPATH\CodeIgniter.php(904): App\Controllers\Reduction\Help->index()
 5 SYSTEMPATH\CodeIgniter.php(457): CodeIgniter\CodeIgniter->runController(Object(App\Controllers\Reduction\Help))
 6 SYSTEMPATH\CodeIgniter.php(340): CodeIgniter\CodeIgniter->handleRequest(null, Object(Config\Cache), false)
 7 FCPATH\index.php(56): CodeIgniter\CodeIgniter->run()
CRITICAL - 2022-09-26 17:39:19 --> You have an error in your SQL syntax; check the manual that corresponds to your MariaDB server version for the right syntax to use near '' at line 6
in APPPATH\Models\dbClasses\dbQueryClass.php on line 64.
 1 APPPATH\Models\dbClasses\dbQueryClass.php(25): App\Models\dbClasses\dbQueryClass->trace_error('You have an error in your SQL syntax; check the manual that corresponds to your MariaDB server version for the right syntax to use near \'\' at line 6')
 2 APPPATH\Models\Reduction\ReductionModel.php(63): App\Models\dbClasses\dbQueryClass->query('
         select
            *
            from
            contract_condition
            where
            contract_no = 
            ')
 3 APPPATH\Controllers\Reduction\Help.php(26): App\Models\Reduction\ReductionModel->getdownloadList([...])
 4 SYSTEMPATH\CodeIgniter.php(904): App\Controllers\Reduction\Help->index()
 5 SYSTEMPATH\CodeIgniter.php(457): CodeIgniter\CodeIgniter->runController(Object(App\Controllers\Reduction\Help))
 6 SYSTEMPATH\CodeIgniter.php(340): CodeIgniter\CodeIgniter->handleRequest(null, Object(Config\Cache), false)
 7 FCPATH\index.php(56): CodeIgniter\CodeIgniter->run()
CRITICAL - 2022-09-26 17:39:25 --> You have an error in your SQL syntax; check the manual that corresponds to your MariaDB server version for the right syntax to use near '' at line 6
in APPPATH\Models\dbClasses\dbQueryClass.php on line 64.
 1 APPPATH\Models\dbClasses\dbQueryClass.php(25): App\Models\dbClasses\dbQueryClass->trace_error('You have an error in your SQL syntax; check the manual that corresponds to your MariaDB server version for the right syntax to use near \'\' at line 6')
 2 APPPATH\Models\Reduction\ReductionModel.php(63): App\Models\dbClasses\dbQueryClass->query('
         select
            *
            from
            contract_condition
            where
            contract_no = 
            ')
 3 APPPATH\Controllers\Reduction\Help.php(26): App\Models\Reduction\ReductionModel->getdownloadList([])
 4 SYSTEMPATH\CodeIgniter.php(904): App\Controllers\Reduction\Help->index()
 5 SYSTEMPATH\CodeIgniter.php(457): CodeIgniter\CodeIgniter->runController(Object(App\Controllers\Reduction\Help))
 6 SYSTEMPATH\CodeIgniter.php(340): CodeIgniter\CodeIgniter->handleRequest(null, Object(Config\Cache), false)
 7 FCPATH\index.php(56): CodeIgniter\CodeIgniter->run()
CRITICAL - 2022-09-26 17:41:28 --> You have an error in your SQL syntax; check the manual that corresponds to your MariaDB server version for the right syntax to use near '' at line 6
in APPPATH\Models\dbClasses\dbQueryClass.php on line 64.
 1 APPPATH\Models\dbClasses\dbQueryClass.php(25): App\Models\dbClasses\dbQueryClass->trace_error('You have an error in your SQL syntax; check the manual that corresponds to your MariaDB server version for the right syntax to use near \'\' at line 6')
 2 APPPATH\Models\Reduction\ReductionModel.php(63): App\Models\dbClasses\dbQueryClass->query('
         select
            *
            from
            contract_condition
            where
            contract_no = 
            ')
 3 APPPATH\Controllers\Reduction\Help.php(26): App\Models\Reduction\ReductionModel->getdownloadList([])
 4 SYSTEMPATH\CodeIgniter.php(904): App\Controllers\Reduction\Help->index()
 5 SYSTEMPATH\CodeIgniter.php(457): CodeIgniter\CodeIgniter->runController(Object(App\Controllers\Reduction\Help))
 6 SYSTEMPATH\CodeIgniter.php(340): CodeIgniter\CodeIgniter->handleRequest(null, Object(Config\Cache), false)
 7 FCPATH\index.php(56): CodeIgniter\CodeIgniter->run()
CRITICAL - 2022-09-26 17:46:32 --> You have an error in your SQL syntax; check the manual that corresponds to your MariaDB server version for the right syntax to use near '' at line 6
in APPPATH\Models\dbClasses\dbQueryClass.php on line 64.
 1 APPPATH\Models\dbClasses\dbQueryClass.php(25): App\Models\dbClasses\dbQueryClass->trace_error('You have an error in your SQL syntax; check the manual that corresponds to your MariaDB server version for the right syntax to use near \'\' at line 6')
 2 APPPATH\Models\Reduction\ReductionModel.php(63): App\Models\dbClasses\dbQueryClass->query('
         select
            *
            from
            contract_condition
            where
            contract_no = 
            ')
 3 APPPATH\Controllers\Reduction\Help.php(26): App\Models\Reduction\ReductionModel->getdownloadList([...])
 4 SYSTEMPATH\CodeIgniter.php(904): App\Controllers\Reduction\Help->index()
 5 SYSTEMPATH\CodeIgniter.php(457): CodeIgniter\CodeIgniter->runController(Object(App\Controllers\Reduction\Help))
 6 SYSTEMPATH\CodeIgniter.php(340): CodeIgniter\CodeIgniter->handleRequest(null, Object(Config\Cache), false)
 7 FCPATH\index.php(56): CodeIgniter\CodeIgniter->run()
CRITICAL - 2022-09-26 17:53:57 --> You have an error in your SQL syntax; check the manual that corresponds to your MariaDB server version for the right syntax to use near '' at line 6
in APPPATH\Models\dbClasses\dbQueryClass.php on line 64.
 1 APPPATH\Models\dbClasses\dbQueryClass.php(25): App\Models\dbClasses\dbQueryClass->trace_error('You have an error in your SQL syntax; check the manual that corresponds to your MariaDB server version for the right syntax to use near \'\' at line 6')
 2 APPPATH\Models\Reduction\ReductionModel.php(63): App\Models\dbClasses\dbQueryClass->query('
         select
            *
            from
            contract_condition
            where
            contract_no = 
            ')
 3 APPPATH\Controllers\Reduction\Help.php(26): App\Models\Reduction\ReductionModel->getdownloadList([...])
 4 SYSTEMPATH\CodeIgniter.php(904): App\Controllers\Reduction\Help->index()
 5 SYSTEMPATH\CodeIgniter.php(457): CodeIgniter\CodeIgniter->runController(Object(App\Controllers\Reduction\Help))
 6 SYSTEMPATH\CodeIgniter.php(340): CodeIgniter\CodeIgniter->handleRequest(null, Object(Config\Cache), false)
 7 FCPATH\index.php(56): CodeIgniter\CodeIgniter->run()
CRITICAL - 2022-09-26 18:09:03 --> Cannot re-assign auto-global variable _GET
in APPPATH\Models\Reduction\ReductionModel.php on line 9.
 1 [internal function]: CodeIgniter\Debug\Exceptions->shutdownHandler()
CRITICAL - 2022-09-26 18:10:39 --> You have an error in your SQL syntax; check the manual that corresponds to your MariaDB server version for the right syntax to use near 'order by 
               idx desc' at line 9
in APPPATH\Models\dbClasses\dbQueryClass.php on line 64.
 1 APPPATH\Models\dbClasses\dbQueryClass.php(25): App\Models\dbClasses\dbQueryClass->trace_error('You have an error in your SQL syntax; check the manual that corresponds to your MariaDB server version for the right syntax to use near \'order by 
               idx desc\' at line 9')
 2 APPPATH\Models\Reduction\ReductionModel.php(30): App\Models\dbClasses\dbQueryClass->query('
            select
                *
            from
              contract_condition
            where contract_status = \'5\'
            and del_yn !=\'Y\' 
            and seller_uuid = \'4af34614-fe3c-4a9c-8303-7e2362fa236a\'
              and contract_no =  
           order by 
               idx desc
        ')
 3 APPPATH\Controllers\Reduction\Help.php(28): App\Models\Reduction\ReductionModel->getdocumentList([])
 4 SYSTEMPATH\CodeIgniter.php(904): App\Controllers\Reduction\Help->index()
 5 SYSTEMPATH\CodeIgniter.php(457): CodeIgniter\CodeIgniter->runController(Object(App\Controllers\Reduction\Help))
 6 SYSTEMPATH\CodeIgniter.php(340): CodeIgniter\CodeIgniter->handleRequest(null, Object(Config\Cache), false)
 7 FCPATH\index.php(56): CodeIgniter\CodeIgniter->run()
