CRITICAL - 2022-09-22 10:39:05 --> syntax error, unexpected '<'
in APPPATH\Views\MyPage\BuyerContract.html on line 130.
 1 SYSTEMPATH\View\View.php(216): CodeIgniter\View\View->CodeIgniter\View\{closure}()
 2 SYSTEMPATH\Common.php(1137): CodeIgniter\View\View->render('MyPage/BuyerContract.html', [], true)
 3 APPPATH\Controllers\Buyer\MyPage.php(40): view('MyPage/BuyerContract.html', [...])
 4 SYSTEMPATH\CodeIgniter.php(904): App\Controllers\Buyer\MyPage->Contract()
 5 SYSTEMPATH\CodeIgniter.php(457): CodeIgniter\CodeIgniter->runController(Object(App\Controllers\Buyer\MyPage))
 6 SYSTEMPATH\CodeIgniter.php(340): CodeIgniter\CodeIgniter->handleRequest(null, Object(Config\Cache), false)
 7 FCPATH\index.php(56): CodeIgniter\CodeIgniter->run()
CRITICAL - 2022-09-22 13:56:38 --> You have an error in your SQL syntax; check the manual that corresponds to your MariaDB server version for the right syntax to use near 'uuid = '2fc8b18d-9e56-457f-9b72-aade37a9fed5'' at line 6
in APPPATH\Models\dbClasses\dbQueryClass.php on line 64.
 1 APPPATH\Models\dbClasses\dbQueryClass.php(25): App\Models\dbClasses\dbQueryClass->trace_error('You have an error in your SQL syntax; check the manual that corresponds to your MariaDB server version for the right syntax to use near \'uuid = \'2fc8b18d-9e56-457f-9b72-aade37a9fed5\'\' at line 6')
 2 APPPATH\Models\Buyer\BuyerModel.php(200): App\Models\dbClasses\dbQueryClass->query('
            select
                sum(reduction_money) as reduction_money
            from
                buyer_compnay
            where 1=1
              uuid = \'2fc8b18d-9e56-457f-9b72-aade37a9fed5\'          
        ')
 3 APPPATH\Controllers\Buyer.php(24): App\Models\Buyer\BuyerModel->BuyerReduction()
 4 SYSTEMPATH\CodeIgniter.php(904): App\Controllers\Buyer->index()
 5 SYSTEMPATH\CodeIgniter.php(457): CodeIgniter\CodeIgniter->runController(Object(App\Controllers\Buyer))
 6 SYSTEMPATH\CodeIgniter.php(340): CodeIgniter\CodeIgniter->handleRequest(null, Object(Config\Cache), false)
 7 FCPATH\index.php(56): CodeIgniter\CodeIgniter->run()
CRITICAL - 2022-09-22 13:57:06 --> Table 'kfo.buyer_compnay' doesn't exist
in APPPATH\Models\dbClasses\dbQueryClass.php on line 64.
 1 APPPATH\Models\dbClasses\dbQueryClass.php(25): App\Models\dbClasses\dbQueryClass->trace_error('Table \'kfo.buyer_compnay\' doesn\'t exist')
 2 APPPATH\Models\Buyer\BuyerModel.php(200): App\Models\dbClasses\dbQueryClass->query('
            select
                sum(reduction_money) as reduction_money
            from
                buyer_compnay
            where 1=1
            and   uuid = \'2fc8b18d-9e56-457f-9b72-aade37a9fed5\'          
        ')
 3 APPPATH\Controllers\Buyer.php(24): App\Models\Buyer\BuyerModel->BuyerReduction()
 4 SYSTEMPATH\CodeIgniter.php(904): App\Controllers\Buyer->index()
 5 SYSTEMPATH\CodeIgniter.php(457): CodeIgniter\CodeIgniter->runController(Object(App\Controllers\Buyer))
 6 SYSTEMPATH\CodeIgniter.php(340): CodeIgniter\CodeIgniter->handleRequest(null, Object(Config\Cache), false)
 7 FCPATH\index.php(56): CodeIgniter\CodeIgniter->run()
CRITICAL - 2022-09-22 14:05:26 --> syntax error, unexpected '<', expecting end of file
in APPPATH\Views\Buyer\Components\Left.html on line 47.
 1 SYSTEMPATH\View\View.php(213): include()
 2 SYSTEMPATH\View\View.php(216): CodeIgniter\View\View->CodeIgniter\View\{closure}()
 3 SYSTEMPATH\Common.php(1137): CodeIgniter\View\View->render('Buyer/Index.html', [], true)
 4 APPPATH\Controllers\Buyer.php(31): view('Buyer/Index.html', [...])
 5 SYSTEMPATH\CodeIgniter.php(904): App\Controllers\Buyer->index()
 6 SYSTEMPATH\CodeIgniter.php(457): CodeIgniter\CodeIgniter->runController(Object(App\Controllers\Buyer))
 7 SYSTEMPATH\CodeIgniter.php(340): CodeIgniter\CodeIgniter->handleRequest(null, Object(Config\Cache), false)
 8 FCPATH\index.php(56): CodeIgniter\CodeIgniter->run()
CRITICAL - 2022-09-22 14:53:49 --> You have an error in your SQL syntax; check the manual that corresponds to your MariaDB server version for the right syntax to use near '219
                    limit 1' at line 7
in APPPATH\Models\dbClasses\dbQueryClass.php on line 64.
 1 APPPATH\Models\dbClasses\dbQueryClass.php(25): App\Models\dbClasses\dbQueryClass->trace_error('You have an error in your SQL syntax; check the manual that corresponds to your MariaDB server version for the right syntax to use near \'219
                    limit 1\' at line 7')
 2 APPPATH\Models\Buyer\MyPageModel.php(163): App\Models\dbClasses\dbQueryClass->query('
                    select
                        *
                    from
                        seller_company a
                            left join contract_condition b on (a.uuid = b.seller_uuid)
                    where
                            b.workflow_id = 221,219
                    limit 1
                ')
 3 APPPATH\Controllers\Buyer\MyPage.php(46): App\Models\Buyer\MyPageModel->ContractStatus([...])
 4 SYSTEMPATH\CodeIgniter.php(904): App\Controllers\Buyer\MyPage->ContractUpdate()
 5 SYSTEMPATH\CodeIgniter.php(457): CodeIgniter\CodeIgniter->runController(Object(App\Controllers\Buyer\MyPage))
 6 SYSTEMPATH\CodeIgniter.php(340): CodeIgniter\CodeIgniter->handleRequest(null, Object(Config\Cache), false)
 7 FCPATH\index.php(56): CodeIgniter\CodeIgniter->run()
CRITICAL - 2022-09-22 14:55:17 --> You have an error in your SQL syntax; check the manual that corresponds to your MariaDB server version for the right syntax to use near '219
                    limit 1' at line 7
in APPPATH\Models\dbClasses\dbQueryClass.php on line 64.
 1 APPPATH\Models\dbClasses\dbQueryClass.php(25): App\Models\dbClasses\dbQueryClass->trace_error('You have an error in your SQL syntax; check the manual that corresponds to your MariaDB server version for the right syntax to use near \'219
                    limit 1\' at line 7')
 2 APPPATH\Models\Buyer\MyPageModel.php(163): App\Models\dbClasses\dbQueryClass->query('
                    select
                        *
                    from
                        seller_company a
                            left join contract_condition b on (a.uuid = b.seller_uuid)
                    where
                            b.workflow_id = 221,219
                    limit 1
                ')
 3 APPPATH\Controllers\Buyer\MyPage.php(46): App\Models\Buyer\MyPageModel->ContractStatus([...])
 4 SYSTEMPATH\CodeIgniter.php(904): App\Controllers\Buyer\MyPage->ContractUpdate()
 5 SYSTEMPATH\CodeIgniter.php(457): CodeIgniter\CodeIgniter->runController(Object(App\Controllers\Buyer\MyPage))
 6 SYSTEMPATH\CodeIgniter.php(340): CodeIgniter\CodeIgniter->handleRequest(null, Object(Config\Cache), false)
 7 FCPATH\index.php(56): CodeIgniter\CodeIgniter->run()
CRITICAL - 2022-09-22 14:57:19 --> You have an error in your SQL syntax; check the manual that corresponds to your MariaDB server version for the right syntax to use near '219
                    limit 1' at line 7
in APPPATH\Models\dbClasses\dbQueryClass.php on line 64.
 1 APPPATH\Models\dbClasses\dbQueryClass.php(25): App\Models\dbClasses\dbQueryClass->trace_error('You have an error in your SQL syntax; check the manual that corresponds to your MariaDB server version for the right syntax to use near \'219
                    limit 1\' at line 7')
 2 APPPATH\Models\Buyer\MyPageModel.php(163): App\Models\dbClasses\dbQueryClass->query('
                    select
                        *
                    from
                        seller_company a
                            left join contract_condition b on (a.uuid = b.seller_uuid)
                    where
                            b.workflow_id = 221,219
                    limit 1
                ')
 3 APPPATH\Controllers\Buyer\MyPage.php(46): App\Models\Buyer\MyPageModel->ContractStatus([...])
 4 SYSTEMPATH\CodeIgniter.php(904): App\Controllers\Buyer\MyPage->ContractUpdate()
 5 SYSTEMPATH\CodeIgniter.php(457): CodeIgniter\CodeIgniter->runController(Object(App\Controllers\Buyer\MyPage))
 6 SYSTEMPATH\CodeIgniter.php(340): CodeIgniter\CodeIgniter->handleRequest(null, Object(Config\Cache), false)
 7 FCPATH\index.php(56): CodeIgniter\CodeIgniter->run()
CRITICAL - 2022-09-22 14:57:21 --> You have an error in your SQL syntax; check the manual that corresponds to your MariaDB server version for the right syntax to use near '219
                    limit 1' at line 7
in APPPATH\Models\dbClasses\dbQueryClass.php on line 64.
 1 APPPATH\Models\dbClasses\dbQueryClass.php(25): App\Models\dbClasses\dbQueryClass->trace_error('You have an error in your SQL syntax; check the manual that corresponds to your MariaDB server version for the right syntax to use near \'219
                    limit 1\' at line 7')
 2 APPPATH\Models\Buyer\MyPageModel.php(163): App\Models\dbClasses\dbQueryClass->query('
                    select
                        *
                    from
                        seller_company a
                            left join contract_condition b on (a.uuid = b.seller_uuid)
                    where
                            b.workflow_id = 221,219
                    limit 1
                ')
 3 APPPATH\Controllers\Buyer\MyPage.php(46): App\Models\Buyer\MyPageModel->ContractStatus([...])
 4 SYSTEMPATH\CodeIgniter.php(904): App\Controllers\Buyer\MyPage->ContractUpdate()
 5 SYSTEMPATH\CodeIgniter.php(457): CodeIgniter\CodeIgniter->runController(Object(App\Controllers\Buyer\MyPage))
 6 SYSTEMPATH\CodeIgniter.php(340): CodeIgniter\CodeIgniter->handleRequest(null, Object(Config\Cache), false)
 7 FCPATH\index.php(56): CodeIgniter\CodeIgniter->run()
CRITICAL - 2022-09-22 15:00:20 --> You have an error in your SQL syntax; check the manual that corresponds to your MariaDB server version for the right syntax to use near '219
                    limit 1' at line 7
in APPPATH\Models\dbClasses\dbQueryClass.php on line 64.
 1 APPPATH\Models\dbClasses\dbQueryClass.php(25): App\Models\dbClasses\dbQueryClass->trace_error('You have an error in your SQL syntax; check the manual that corresponds to your MariaDB server version for the right syntax to use near \'219
                    limit 1\' at line 7')
 2 APPPATH\Models\Buyer\MyPageModel.php(163): App\Models\dbClasses\dbQueryClass->query('
                    select
                        *
                    from
                        seller_company a
                            left join contract_condition b on (a.uuid = b.seller_uuid)
                    where
                            b.workflow_id = 221,219
                    limit 1
                ')
 3 APPPATH\Controllers\Buyer\MyPage.php(46): App\Models\Buyer\MyPageModel->ContractStatus([...])
 4 SYSTEMPATH\CodeIgniter.php(904): App\Controllers\Buyer\MyPage->ContractUpdate()
 5 SYSTEMPATH\CodeIgniter.php(457): CodeIgniter\CodeIgniter->runController(Object(App\Controllers\Buyer\MyPage))
 6 SYSTEMPATH\CodeIgniter.php(340): CodeIgniter\CodeIgniter->handleRequest(null, Object(Config\Cache), false)
 7 FCPATH\index.php(56): CodeIgniter\CodeIgniter->run()
CRITICAL - 2022-09-22 16:14:41 --> syntax error, unexpected ';'
in APPPATH\Views\Common\Header.html on line 6.
 1 SYSTEMPATH\View\View.php(216): CodeIgniter\View\View->CodeIgniter\View\{closure}()
 2 SYSTEMPATH\Common.php(1137): CodeIgniter\View\View->render('Common/Header.html', [], true)
 3 APPPATH\Controllers\Buyer\Shop.php(47): view('Common/Header.html')
 4 SYSTEMPATH\CodeIgniter.php(904): App\Controllers\Buyer\Shop->List()
 5 SYSTEMPATH\CodeIgniter.php(457): CodeIgniter\CodeIgniter->runController(Object(App\Controllers\Buyer\Shop))
 6 SYSTEMPATH\CodeIgniter.php(340): CodeIgniter\CodeIgniter->handleRequest(null, Object(Config\Cache), false)
 7 FCPATH\index.php(56): CodeIgniter\CodeIgniter->run()
CRITICAL - 2022-09-22 16:42:46 --> syntax error, unexpected '<', expecting end of file
in APPPATH\Views\MyPage\BuyerInfo.html on line 5.
 1 SYSTEMPATH\View\View.php(216): CodeIgniter\View\View->CodeIgniter\View\{closure}()
 2 SYSTEMPATH\Common.php(1137): CodeIgniter\View\View->render('MyPage/BuyerInfo.html', [], true)
 3 APPPATH\Controllers\Buyer\MyPage.php(63): view('MyPage/BuyerInfo.html', [...])
 4 SYSTEMPATH\CodeIgniter.php(904): App\Controllers\Buyer\MyPage->Info()
 5 SYSTEMPATH\CodeIgniter.php(457): CodeIgniter\CodeIgniter->runController(Object(App\Controllers\Buyer\MyPage))
 6 SYSTEMPATH\CodeIgniter.php(340): CodeIgniter\CodeIgniter->handleRequest(null, Object(Config\Cache), false)
 7 FCPATH\index.php(56): CodeIgniter\CodeIgniter->run()
CRITICAL - 2022-09-22 18:40:22 --> Column 'product_name' in where clause is ambiguous
in APPPATH\Models\dbClasses\dbQueryClass.php on line 64.
 1 APPPATH\Models\dbClasses\dbQueryClass.php(25): App\Models\dbClasses\dbQueryClass->trace_error('Column \'product_name\' in where clause is ambiguous')
 2 APPPATH\Models\Buyer\MyPageModel.php(309): App\Models\dbClasses\dbQueryClass->query('
            select
               *,a.idx as \'cidx\'
            from
              contract_condition a
            join seller_product b 
            on a.product_no = b.product_no
            where a.del_yn != \'Y\' AND buyer_uuid =\'2fc8b18d-9e56-457f-9b72-aade37a9fed5\' and product_name like \'%볼펜%\'
           order by 
               a.idx desc    
        ')
 3 APPPATH\Controllers\Buyer\MyPage.php(35): App\Models\Buyer\MyPageModel->getContractList('2fc8b18d-9e56-457f-9b72-aade37a9fed5')
 4 SYSTEMPATH\CodeIgniter.php(904): App\Controllers\Buyer\MyPage->Contract()
 5 SYSTEMPATH\CodeIgniter.php(457): CodeIgniter\CodeIgniter->runController(Object(App\Controllers\Buyer\MyPage))
 6 SYSTEMPATH\CodeIgniter.php(340): CodeIgniter\CodeIgniter->handleRequest(null, Object(Config\Cache), false)
 7 FCPATH\index.php(56): CodeIgniter\CodeIgniter->run()
